DEBUG      2018-05-01 13:49:28,099 -------------- SEND --------------
(0000) 65 00 04 00 00 00 00 00 00 00 
(0010) 00 00 5f 70 79 63 6f 6d 6d 5f 
(0020) 00 00 00 00 01 00 00 00 
DEBUG      2018-05-01 13:49:28,110 ----------- RECEIVE -----------
(0000) 65 00 04 00 00 80 02 13 00 00 
(0010) 00 00 5f 70 79 63 6f 6d 6d 5f 
(0020) 00 00 00 00 01 00 00 00 
DEBUG      2018-05-01 13:49:28,110 Session =00800213 has been registered.
DEBUG      2018-05-01 13:49:28,110 -------------- SEND --------------
(0000) 6f 00 28 00 00 80 02 13 00 00 
(0010) 00 00 5f 70 79 63 6f 6d 6d 5f 
(0020) 00 00 00 00 00 00 00 00 0a 00 
(0030) 02 00 00 00 00 00 b2 00 18 00 
(0040) 4e 02 20 06 24 01 0a 05 27 04 
(0050) 09 10 09 10 19 71 03 00 01 00 
(0060) 20 02 24 01 
DEBUG      2018-05-01 13:49:28,117 ----------- RECEIVE -----------
(0000) 6f 00 20 00 00 80 02 13 00 00 
(0010) 00 00 5f 70 79 63 6f 6d 6d 5f 
(0020) 00 00 00 00 00 00 00 00 0a 00 
(0030) 02 00 00 00 00 00 b2 00 10 00 
(0040) ce 00 01 01 07 01 27 04 09 10 
(0050) 09 10 19 71 02 00 
WARNING    2018-05-01 13:49:28,117 (5, 'forward_close returned False')
DEBUG      2018-05-01 13:49:44,420 -------------- SEND --------------
(0000) 65 00 04 00 00 00 00 00 00 00 
(0010) 00 00 5f 70 79 63 6f 6d 6d 5f 
(0020) 00 00 00 00 01 00 00 00 
DEBUG      2018-05-01 13:49:44,427 ----------- RECEIVE -----------
(0000) 65 00 04 00 00 81 02 13 00 00 
(0010) 00 00 5f 70 79 63 6f 6d 6d 5f 
(0020) 00 00 00 00 01 00 00 00 
DEBUG      2018-05-01 13:49:44,427 Session =00810213 has been registered.
DEBUG      2018-05-01 13:49:44,428 -------------- SEND --------------
(0000) 6f 00 28 00 00 81 02 13 00 00 
(0010) 00 00 5f 70 79 63 6f 6d 6d 5f 
(0020) 00 00 00 00 00 00 00 00 0a 00 
(0030) 02 00 00 00 00 00 b2 00 18 00 
(0040) 4e 02 20 06 24 01 0a 05 27 04 
(0050) 09 10 09 10 19 71 03 00 01 00 
(0060) 20 02 24 01 
DEBUG      2018-05-01 13:49:44,437 ----------- RECEIVE -----------
(0000) 6f 00 20 00 00 81 02 13 00 00 
(0010) 00 00 5f 70 79 63 6f 6d 6d 5f 
(0020) 00 00 00 00 00 00 00 00 0a 00 
(0030) 02 00 00 00 00 00 b2 00 10 00 
(0040) ce 00 01 01 07 01 27 04 09 10 
(0050) 09 10 19 71 02 00 
WARNING    2018-05-01 13:49:44,437 (5, 'forward_close returned False')
